2024-12-12 00:20:58.033  INFO 1691 --- [restartedMain] com.phms.PhmsApp                         : Starting PhmsApp on FishBook with PID 1691 (/Users/bilibili/Desktop/phms/target/classes started by bilibili in /Users/bilibili/Desktop/phms)
2024-12-12 00:20:58.034  INFO 1691 --- [restartedMain] com.phms.PhmsApp                         : No active profile set, falling back to default profiles: default
2024-12-12 00:20:58.062  INFO 1691 --- [restartedMain] .e.DevToolsPropertyDefaultsPostProcessor : Devtools property defaults active! Set 'spring.devtools.add-properties' to 'false' to disable
2024-12-12 00:20:58.062  INFO 1691 --- [restartedMain] .e.DevToolsPropertyDefaultsPostProcessor : For additional web related logging consider setting the 'logging.level.web' property to 'DEBUG'
2024-12-12 00:20:58.437  INFO 1691 --- [restartedMain] .s.d.r.c.RepositoryConfigurationDelegate : Multiple Spring Data modules found, entering strict repository configuration mode!
2024-12-12 00:20:58.439  INFO 1691 --- [restartedMain] .s.d.r.c.RepositoryConfigurationDelegate : Bootstrapping Spring Data Redis repositories in DEFAULT mode.
2024-12-12 00:20:58.462  INFO 1691 --- [restartedMain] .s.d.r.c.RepositoryConfigurationDelegate : Finished Spring Data repository scanning in 14ms. Found 0 Redis repository interfaces.
2024-12-12 00:20:58.532  INFO 1691 --- [restartedMain] o.s.c.a.ConfigurationClassPostProcessor  : Cannot enhance @Configuration bean definition 'myBatisConfiguration' since its singleton instance has been created too early. The typical cause is a non-static @Bean method with a BeanDefinitionRegistryPostProcessor return type: Consider declaring such methods as 'static'.
2024-12-12 00:20:58.635  INFO 1691 --- [restartedMain] trationDelegate$BeanPostProcessorChecker : Bean 'org.springframework.transaction.annotation.ProxyTransactionManagementConfiguration' of type [org.springframework.transaction.annotation.ProxyTransactionManagementConfiguration] is not eligible for getting processed by all BeanPostProcessors (for example: not eligible for auto-proxying)
2024-12-12 00:20:58.730  INFO 1691 --- [restartedMain] trationDelegate$BeanPostProcessorChecker : Bean 'shiroConfig' of type [com.phms.config.ShiroConfig$$EnhancerBySpringCGLIB$$25c5ba36] is not eligible for getting processed by all BeanPostProcessors (for example: not eligible for auto-proxying)
2024-12-12 00:20:58.741  INFO 1691 --- [restartedMain] trationDelegate$BeanPostProcessorChecker : Bean 'druidConfiguration' of type [com.phms.config.DruidConfiguration$$EnhancerBySpringCGLIB$$8ce36009] is not eligible for getting processed by all BeanPostProcessors (for example: not eligible for auto-proxying)
2024-12-12 00:20:58.773  INFO 1691 --- [restartedMain] trationDelegate$BeanPostProcessorChecker : Bean 'statFilter' of type [com.alibaba.druid.filter.stat.StatFilter] is not eligible for getting processed by all BeanPostProcessors (for example: not eligible for auto-proxying)
2024-12-12 00:20:58.844  INFO 1691 --- [restartedMain] com.alibaba.druid.pool.DruidDataSource   : {dataSource-1,test} inited
2024-12-12 00:20:58.844  INFO 1691 --- [restartedMain] trationDelegate$BeanPostProcessorChecker : Bean 'dataSource' of type [com.alibaba.druid.pool.DruidDataSource] is not eligible for getting processed by all BeanPostProcessors (for example: not eligible for auto-proxying)
2024-12-12 00:20:58.862  INFO 1691 --- [restartedMain] trationDelegate$BeanPostProcessorChecker : Bean 'spring.datasource-org.springframework.boot.autoconfigure.jdbc.DataSourceProperties' of type [org.springframework.boot.autoconfigure.jdbc.DataSourceProperties] is not eligible for getting processed by all BeanPostProcessors (for example: not eligible for auto-proxying)
2024-12-12 00:20:58.865  INFO 1691 --- [restartedMain] trationDelegate$BeanPostProcessorChecker : Bean 'org.springframework.boot.autoconfigure.jdbc.DataSourceInitializerInvoker' of type [org.springframework.boot.autoconfigure.jdbc.DataSourceInitializerInvoker] is not eligible for getting processed by all BeanPostProcessors (for example: not eligible for auto-proxying)
2024-12-12 00:20:58.914  INFO 1691 --- [restartedMain] trationDelegate$BeanPostProcessorChecker : Bean 'sqlSessionFactory' of type [org.mybatis.spring.SqlSessionFactoryBean] is not eligible for getting processed by all BeanPostProcessors (for example: not eligible for auto-proxying)
2024-12-12 00:20:58.916  INFO 1691 --- [restartedMain] trationDelegate$BeanPostProcessorChecker : Bean 'sqlSessionFactory' of type [org.apache.ibatis.session.defaults.DefaultSqlSessionFactory] is not eligible for getting processed by all BeanPostProcessors (for example: not eligible for auto-proxying)
2024-12-12 00:20:58.920  INFO 1691 --- [restartedMain] trationDelegate$BeanPostProcessorChecker : Bean 'mybatis-plus-com.baomidou.mybatisplus.autoconfigure.MybatisPlusProperties' of type [com.baomidou.mybatisplus.autoconfigure.MybatisPlusProperties] is not eligible for getting processed by all BeanPostProcessors (for example: not eligible for auto-proxying)
2024-12-12 00:20:58.924  INFO 1691 --- [restartedMain] trationDelegate$BeanPostProcessorChecker : Bean 'com.baomidou.mybatisplus.autoconfigure.MybatisPlusAutoConfiguration' of type [com.baomidou.mybatisplus.autoconfigure.MybatisPlusAutoConfiguration$$EnhancerBySpringCGLIB$$979a9381] is not eligible for getting processed by all BeanPostProcessors (for example: not eligible for auto-proxying)
2024-12-12 00:20:58.928  INFO 1691 --- [restartedMain] trationDelegate$BeanPostProcessorChecker : Bean 'sqlSessionTemplate' of type [org.mybatis.spring.SqlSessionTemplate] is not eligible for getting processed by all BeanPostProcessors (for example: not eligible for auto-proxying)
2024-12-12 00:20:58.987  INFO 1691 --- [restartedMain] trationDelegate$BeanPostProcessorChecker : Bean 'userMapper' of type [org.mybatis.spring.mapper.MapperFactoryBean] is not eligible for getting processed by all BeanPostProcessors (for example: not eligible for auto-proxying)
2024-12-12 00:20:58.989  INFO 1691 --- [restartedMain] trationDelegate$BeanPostProcessorChecker : Bean 'userMapper' of type [com.sun.proxy.$Proxy73] is not eligible for getting processed by all BeanPostProcessors (for example: not eligible for auto-proxying)
2024-12-12 00:20:59.008  INFO 1691 --- [restartedMain] trationDelegate$BeanPostProcessorChecker : Bean 'userRoleMapper' of type [org.mybatis.spring.mapper.MapperFactoryBean] is not eligible for getting processed by all BeanPostProcessors (for example: not eligible for auto-proxying)
2024-12-12 00:20:59.009  INFO 1691 --- [restartedMain] trationDelegate$BeanPostProcessorChecker : Bean 'userRoleMapper' of type [com.sun.proxy.$Proxy75] is not eligible for getting processed by all BeanPostProcessors (for example: not eligible for auto-proxying)
2024-12-12 00:20:59.013  INFO 1691 --- [restartedMain] trationDelegate$BeanPostProcessorChecker : Bean 'customRealm' of type [com.phms.shiro.CustomRealm] is not eligible for getting processed by all BeanPostProcessors (for example: not eligible for auto-proxying)
2024-12-12 00:20:59.069  INFO 1691 --- [restartedMain] trationDelegate$BeanPostProcessorChecker : Bean 'sessionManager' of type [org.apache.shiro.web.session.mgt.DefaultWebSessionManager] is not eligible for getting processed by all BeanPostProcessors (for example: not eligible for auto-proxying)
2024-12-12 00:20:59.074  INFO 1691 --- [restartedMain] trationDelegate$BeanPostProcessorChecker : Bean 'securityManager' of type [org.apache.shiro.web.mgt.DefaultWebSecurityManager] is not eligible for getting processed by all BeanPostProcessors (for example: not eligible for auto-proxying)
2024-12-12 00:20:59.239  INFO 1691 --- [restartedMain] o.s.b.w.embedded.tomcat.TomcatWebServer  : Tomcat initialized with port(s): 8086 (http)
2024-12-12 00:20:59.245  INFO 1691 --- [restartedMain] o.a.coyote.http11.Http11NioProtocol      : Initializing ProtocolHandler ["http-nio-8086"]
2024-12-12 00:20:59.245  INFO 1691 --- [restartedMain] o.apache.catalina.core.StandardService   : Starting service [Tomcat]
2024-12-12 00:20:59.245  INFO 1691 --- [restartedMain] org.apache.catalina.core.StandardEngine  : Starting Servlet engine: [Apache Tomcat/9.0.29]
2024-12-12 00:20:59.289  INFO 1691 --- [restartedMain] o.a.c.c.C.[Tomcat].[localhost].[/]       : Initializing Spring embedded WebApplicationContext
2024-12-12 00:20:59.289  INFO 1691 --- [restartedMain] o.s.web.context.ContextLoader            : Root WebApplicationContext: initialization completed in 1227 ms
2024-12-12 00:20:59.342  INFO 1691 --- [restartedMain] com.phms.listener.ListenerTest           : -------监听器初始化-------
2024-12-12 00:20:59.344  INFO 1691 --- [restartedMain] com.phms.filter.TimeFilter               : =======初始化过滤器=========
2024-12-12 00:20:59.694  INFO 1691 --- [restartedMain] o.s.s.concurrent.ThreadPoolTaskExecutor  : Initializing ExecutorService 'applicationTaskExecutor'
2024-12-12 00:20:59.956  INFO 1691 --- [restartedMain] o.s.b.d.a.OptionalLiveReloadServer       : LiveReload server is running on port 35729
2024-12-12 00:20:59.983  INFO 1691 --- [restartedMain] o.a.coyote.http11.Http11NioProtocol      : Starting ProtocolHandler ["http-nio-8086"]
2024-12-12 00:20:59.996  INFO 1691 --- [restartedMain] o.s.b.w.embedded.tomcat.TomcatWebServer  : Tomcat started on port(s): 8086 (http) with context path ''
2024-12-12 00:20:59.998  INFO 1691 --- [restartedMain] com.phms.PhmsApp                         : Started PhmsApp in 2.206 seconds (JVM running for 2.589)
2024-12-12 00:21:09.433  INFO 1691 --- [http-nio-8086-exec-1] o.a.c.c.C.[Tomcat].[localhost].[/]       : Initializing Spring DispatcherServlet 'dispatcherServlet'
2024-12-12 00:21:09.434  INFO 1691 --- [http-nio-8086-exec-1] o.s.web.servlet.DispatcherServlet        : Initializing Servlet 'dispatcherServlet'
2024-12-12 00:21:09.439  INFO 1691 --- [http-nio-8086-exec-1] o.s.web.servlet.DispatcherServlet        : Completed initialization in 5 ms
2024-12-12 00:21:17.554  INFO 1691 --- [http-nio-8086-exec-10] com.phms.config.AuditLogAspect           : before ----> title:login, desc:用户登录接口
2024-12-12 00:21:23.693  INFO 1691 --- [SpringContextShutdownHook] o.s.s.concurrent.ThreadPoolTaskExecutor  : Shutting down ExecutorService 'applicationTaskExecutor'
2024-12-12 00:21:23.706  INFO 1691 --- [SpringContextShutdownHook] com.alibaba.druid.pool.DruidDataSource   : {dataSource-1} closed
2024-12-12 00:21:23.713  INFO 1691 --- [http-nio-8086-exec-10] com.phms.config.AuditLogAspect           : after ----> title:login, desc:用户登录接口
2024-12-12 00:21:23.751  INFO 1691 --- [SpringContextShutdownHook] com.phms.filter.TimeFilter               : =======销毁过滤器=========
2024-12-12 00:21:23.752  INFO 1691 --- [SpringContextShutdownHook] com.phms.listener.ListenerTest           : -------销毁监听器-------
2024-12-12 00:21:38.311  INFO 1906 --- [restartedMain] com.phms.PhmsApp                         : Starting PhmsApp on FishBook with PID 1906 (/Users/bilibili/Desktop/phms/target/classes started by bilibili in /Users/bilibili/Desktop/phms)
2024-12-12 00:21:38.311  INFO 1906 --- [restartedMain] com.phms.PhmsApp                         : No active profile set, falling back to default profiles: default
2024-12-12 00:21:38.337  INFO 1906 --- [restartedMain] .e.DevToolsPropertyDefaultsPostProcessor : Devtools property defaults active! Set 'spring.devtools.add-properties' to 'false' to disable
2024-12-12 00:21:38.337  INFO 1906 --- [restartedMain] .e.DevToolsPropertyDefaultsPostProcessor : For additional web related logging consider setting the 'logging.level.web' property to 'DEBUG'
2024-12-12 00:21:38.754  INFO 1906 --- [restartedMain] .s.d.r.c.RepositoryConfigurationDelegate : Multiple Spring Data modules found, entering strict repository configuration mode!
2024-12-12 00:21:38.755  INFO 1906 --- [restartedMain] .s.d.r.c.RepositoryConfigurationDelegate : Bootstrapping Spring Data Redis repositories in DEFAULT mode.
2024-12-12 00:21:38.781  INFO 1906 --- [restartedMain] .s.d.r.c.RepositoryConfigurationDelegate : Finished Spring Data repository scanning in 14ms. Found 0 Redis repository interfaces.
2024-12-12 00:21:38.852  INFO 1906 --- [restartedMain] o.s.c.a.ConfigurationClassPostProcessor  : Cannot enhance @Configuration bean definition 'myBatisConfiguration' since its singleton instance has been created too early. The typical cause is a non-static @Bean method with a BeanDefinitionRegistryPostProcessor return type: Consider declaring such methods as 'static'.
2024-12-12 00:21:38.956  INFO 1906 --- [restartedMain] trationDelegate$BeanPostProcessorChecker : Bean 'org.springframework.transaction.annotation.ProxyTransactionManagementConfiguration' of type [org.springframework.transaction.annotation.ProxyTransactionManagementConfiguration] is not eligible for getting processed by all BeanPostProcessors (for example: not eligible for auto-proxying)
2024-12-12 00:21:39.026  INFO 1906 --- [restartedMain] trationDelegate$BeanPostProcessorChecker : Bean 'shiroConfig' of type [com.phms.config.ShiroConfig$$EnhancerBySpringCGLIB$$115bf5f4] is not eligible for getting processed by all BeanPostProcessors (for example: not eligible for auto-proxying)
2024-12-12 00:21:39.036  INFO 1906 --- [restartedMain] trationDelegate$BeanPostProcessorChecker : Bean 'druidConfiguration' of type [com.phms.config.DruidConfiguration$$EnhancerBySpringCGLIB$$78799bc7] is not eligible for getting processed by all BeanPostProcessors (for example: not eligible for auto-proxying)
2024-12-12 00:21:39.070  INFO 1906 --- [restartedMain] trationDelegate$BeanPostProcessorChecker : Bean 'statFilter' of type [com.alibaba.druid.filter.stat.StatFilter] is not eligible for getting processed by all BeanPostProcessors (for example: not eligible for auto-proxying)
2024-12-12 00:21:39.147  INFO 1906 --- [restartedMain] com.alibaba.druid.pool.DruidDataSource   : {dataSource-1,test} inited
2024-12-12 00:21:39.148  INFO 1906 --- [restartedMain] trationDelegate$BeanPostProcessorChecker : Bean 'dataSource' of type [com.alibaba.druid.pool.DruidDataSource] is not eligible for getting processed by all BeanPostProcessors (for example: not eligible for auto-proxying)
2024-12-12 00:21:39.167  INFO 1906 --- [restartedMain] trationDelegate$BeanPostProcessorChecker : Bean 'spring.datasource-org.springframework.boot.autoconfigure.jdbc.DataSourceProperties' of type [org.springframework.boot.autoconfigure.jdbc.DataSourceProperties] is not eligible for getting processed by all BeanPostProcessors (for example: not eligible for auto-proxying)
2024-12-12 00:21:39.170  INFO 1906 --- [restartedMain] trationDelegate$BeanPostProcessorChecker : Bean 'org.springframework.boot.autoconfigure.jdbc.DataSourceInitializerInvoker' of type [org.springframework.boot.autoconfigure.jdbc.DataSourceInitializerInvoker] is not eligible for getting processed by all BeanPostProcessors (for example: not eligible for auto-proxying)
2024-12-12 00:21:39.228  INFO 1906 --- [restartedMain] trationDelegate$BeanPostProcessorChecker : Bean 'sqlSessionFactory' of type [org.mybatis.spring.SqlSessionFactoryBean] is not eligible for getting processed by all BeanPostProcessors (for example: not eligible for auto-proxying)
2024-12-12 00:21:39.230  INFO 1906 --- [restartedMain] trationDelegate$BeanPostProcessorChecker : Bean 'sqlSessionFactory' of type [org.apache.ibatis.session.defaults.DefaultSqlSessionFactory] is not eligible for getting processed by all BeanPostProcessors (for example: not eligible for auto-proxying)
2024-12-12 00:21:39.234  INFO 1906 --- [restartedMain] trationDelegate$BeanPostProcessorChecker : Bean 'mybatis-plus-com.baomidou.mybatisplus.autoconfigure.MybatisPlusProperties' of type [com.baomidou.mybatisplus.autoconfigure.MybatisPlusProperties] is not eligible for getting processed by all BeanPostProcessors (for example: not eligible for auto-proxying)
2024-12-12 00:21:39.238  INFO 1906 --- [restartedMain] trationDelegate$BeanPostProcessorChecker : Bean 'com.baomidou.mybatisplus.autoconfigure.MybatisPlusAutoConfiguration' of type [com.baomidou.mybatisplus.autoconfigure.MybatisPlusAutoConfiguration$$EnhancerBySpringCGLIB$$8330cf3f] is not eligible for getting processed by all BeanPostProcessors (for example: not eligible for auto-proxying)
2024-12-12 00:21:39.243  INFO 1906 --- [restartedMain] trationDelegate$BeanPostProcessorChecker : Bean 'sqlSessionTemplate' of type [org.mybatis.spring.SqlSessionTemplate] is not eligible for getting processed by all BeanPostProcessors (for example: not eligible for auto-proxying)
2024-12-12 00:21:39.317  INFO 1906 --- [restartedMain] trationDelegate$BeanPostProcessorChecker : Bean 'userMapper' of type [org.mybatis.spring.mapper.MapperFactoryBean] is not eligible for getting processed by all BeanPostProcessors (for example: not eligible for auto-proxying)
2024-12-12 00:21:39.319  INFO 1906 --- [restartedMain] trationDelegate$BeanPostProcessorChecker : Bean 'userMapper' of type [com.sun.proxy.$Proxy73] is not eligible for getting processed by all BeanPostProcessors (for example: not eligible for auto-proxying)
2024-12-12 00:21:39.337  INFO 1906 --- [restartedMain] trationDelegate$BeanPostProcessorChecker : Bean 'userRoleMapper' of type [org.mybatis.spring.mapper.MapperFactoryBean] is not eligible for getting processed by all BeanPostProcessors (for example: not eligible for auto-proxying)
2024-12-12 00:21:39.338  INFO 1906 --- [restartedMain] trationDelegate$BeanPostProcessorChecker : Bean 'userRoleMapper' of type [com.sun.proxy.$Proxy75] is not eligible for getting processed by all BeanPostProcessors (for example: not eligible for auto-proxying)
2024-12-12 00:21:39.341  INFO 1906 --- [restartedMain] trationDelegate$BeanPostProcessorChecker : Bean 'customRealm' of type [com.phms.shiro.CustomRealm] is not eligible for getting processed by all BeanPostProcessors (for example: not eligible for auto-proxying)
2024-12-12 00:21:39.384  INFO 1906 --- [restartedMain] trationDelegate$BeanPostProcessorChecker : Bean 'sessionManager' of type [org.apache.shiro.web.session.mgt.DefaultWebSessionManager] is not eligible for getting processed by all BeanPostProcessors (for example: not eligible for auto-proxying)
2024-12-12 00:21:39.388  INFO 1906 --- [restartedMain] trationDelegate$BeanPostProcessorChecker : Bean 'securityManager' of type [org.apache.shiro.web.mgt.DefaultWebSecurityManager] is not eligible for getting processed by all BeanPostProcessors (for example: not eligible for auto-proxying)
2024-12-12 00:21:39.560  INFO 1906 --- [restartedMain] o.s.b.w.embedded.tomcat.TomcatWebServer  : Tomcat initialized with port(s): 8086 (http)
2024-12-12 00:21:39.564  INFO 1906 --- [restartedMain] o.a.coyote.http11.Http11NioProtocol      : Initializing ProtocolHandler ["http-nio-8086"]
2024-12-12 00:21:39.565  INFO 1906 --- [restartedMain] o.apache.catalina.core.StandardService   : Starting service [Tomcat]
2024-12-12 00:21:39.565  INFO 1906 --- [restartedMain] org.apache.catalina.core.StandardEngine  : Starting Servlet engine: [Apache Tomcat/9.0.29]
2024-12-12 00:21:39.597  INFO 1906 --- [restartedMain] o.a.c.c.C.[Tomcat].[localhost].[/]       : Initializing Spring embedded WebApplicationContext
2024-12-12 00:21:39.598  INFO 1906 --- [restartedMain] o.s.web.context.ContextLoader            : Root WebApplicationContext: initialization completed in 1261 ms
2024-12-12 00:21:39.642  INFO 1906 --- [restartedMain] com.phms.listener.ListenerTest           : -------监听器初始化-------
2024-12-12 00:21:39.644  INFO 1906 --- [restartedMain] com.phms.filter.TimeFilter               : =======初始化过滤器=========
2024-12-12 00:21:40.018  INFO 1906 --- [restartedMain] o.s.s.concurrent.ThreadPoolTaskExecutor  : Initializing ExecutorService 'applicationTaskExecutor'
2024-12-12 00:21:40.266  INFO 1906 --- [restartedMain] o.s.b.d.a.OptionalLiveReloadServer       : LiveReload server is running on port 35729
2024-12-12 00:21:40.293  INFO 1906 --- [restartedMain] o.a.coyote.http11.Http11NioProtocol      : Starting ProtocolHandler ["http-nio-8086"]
2024-12-12 00:21:40.308  INFO 1906 --- [restartedMain] o.s.b.w.embedded.tomcat.TomcatWebServer  : Tomcat started on port(s): 8086 (http) with context path ''
2024-12-12 00:21:40.310  INFO 1906 --- [restartedMain] com.phms.PhmsApp                         : Started PhmsApp in 2.23 seconds (JVM running for 2.66)
2024-12-12 00:21:40.808  INFO 1906 --- [http-nio-8086-exec-1] o.a.c.c.C.[Tomcat].[localhost].[/]       : Initializing Spring DispatcherServlet 'dispatcherServlet'
2024-12-12 00:21:40.808  INFO 1906 --- [http-nio-8086-exec-1] o.s.web.servlet.DispatcherServlet        : Initializing Servlet 'dispatcherServlet'
2024-12-12 00:21:40.812  INFO 1906 --- [http-nio-8086-exec-1] o.s.web.servlet.DispatcherServlet        : Completed initialization in 4 ms
2024-12-12 00:21:43.548  INFO 1906 --- [http-nio-8086-exec-8] com.phms.config.AuditLogAspect           : before ----> title:login, desc:用户登录接口
2024-12-12 00:21:43.740  INFO 1906 --- [http-nio-8086-exec-8] com.phms.config.AuditLogAspect           : after ----> title:login, desc:用户登录接口
2024-12-12 00:21:53.522  INFO 1906 --- [http-nio-8086-exec-7] com.phms.config.AuditLogAspect           : before ----> title:login, desc:用户登录接口
2024-12-12 00:21:53.533  INFO 1906 --- [http-nio-8086-exec-7] com.phms.shiro.CustomRealm               : admin---身份认证成功
2024-12-12 00:21:53.558  INFO 1906 --- [http-nio-8086-exec-7] com.phms.service.impl.UserServiceImpl    : 欢迎登录------您的权限是[超级管理员]
2024-12-12 00:21:53.559  INFO 1906 --- [http-nio-8086-exec-7] com.phms.config.AuditLogAspect           : after ----> title:login, desc:用户登录接口
2024-12-12 00:35:40.043  INFO 1906 --- [SpringContextShutdownHook] o.s.s.concurrent.ThreadPoolTaskExecutor  : Shutting down ExecutorService 'applicationTaskExecutor'
2024-12-12 00:35:40.062  INFO 1906 --- [SpringContextShutdownHook] com.alibaba.druid.pool.DruidDataSource   : {dataSource-1} closed
2024-12-12 00:35:41.306  INFO 1906 --- [SpringContextShutdownHook] com.phms.filter.TimeFilter               : =======销毁过滤器=========
2024-12-12 00:35:41.307  INFO 1906 --- [SpringContextShutdownHook] com.phms.listener.ListenerTest           : -------销毁监听器-------
2024-12-12 00:36:09.034  INFO 3270 --- [restartedMain] com.phms.PhmsApp                         : Starting PhmsApp on FishBook with PID 3270 (/Users/bilibili/Desktop/phms/target/classes started by bilibili in /Users/bilibili/Desktop/phms)
2024-12-12 00:36:09.035  INFO 3270 --- [restartedMain] com.phms.PhmsApp                         : No active profile set, falling back to default profiles: default
2024-12-12 00:36:09.061  INFO 3270 --- [restartedMain] .e.DevToolsPropertyDefaultsPostProcessor : Devtools property defaults active! Set 'spring.devtools.add-properties' to 'false' to disable
2024-12-12 00:36:09.062  INFO 3270 --- [restartedMain] .e.DevToolsPropertyDefaultsPostProcessor : For additional web related logging consider setting the 'logging.level.web' property to 'DEBUG'
2024-12-12 00:36:09.414  INFO 3270 --- [restartedMain] .s.d.r.c.RepositoryConfigurationDelegate : Multiple Spring Data modules found, entering strict repository configuration mode!
2024-12-12 00:36:09.415  INFO 3270 --- [restartedMain] .s.d.r.c.RepositoryConfigurationDelegate : Bootstrapping Spring Data Redis repositories in DEFAULT mode.
2024-12-12 00:36:09.435  INFO 3270 --- [restartedMain] .s.d.r.c.RepositoryConfigurationDelegate : Finished Spring Data repository scanning in 12ms. Found 0 Redis repository interfaces.
2024-12-12 00:36:09.499  INFO 3270 --- [restartedMain] o.s.c.a.ConfigurationClassPostProcessor  : Cannot enhance @Configuration bean definition 'myBatisConfiguration' since its singleton instance has been created too early. The typical cause is a non-static @Bean method with a BeanDefinitionRegistryPostProcessor return type: Consider declaring such methods as 'static'.
2024-12-12 00:36:09.609  INFO 3270 --- [restartedMain] trationDelegate$BeanPostProcessorChecker : Bean 'org.springframework.transaction.annotation.ProxyTransactionManagementConfiguration' of type [org.springframework.transaction.annotation.ProxyTransactionManagementConfiguration] is not eligible for getting processed by all BeanPostProcessors (for example: not eligible for auto-proxying)
2024-12-12 00:36:09.670  INFO 3270 --- [restartedMain] trationDelegate$BeanPostProcessorChecker : Bean 'shiroConfig' of type [com.phms.config.ShiroConfig$$EnhancerBySpringCGLIB$$26f13482] is not eligible for getting processed by all BeanPostProcessors (for example: not eligible for auto-proxying)
2024-12-12 00:36:09.678  INFO 3270 --- [restartedMain] trationDelegate$BeanPostProcessorChecker : Bean 'druidConfiguration' of type [com.phms.config.DruidConfiguration$$EnhancerBySpringCGLIB$$8e0eda55] is not eligible for getting processed by all BeanPostProcessors (for example: not eligible for auto-proxying)
2024-12-12 00:36:09.702  INFO 3270 --- [restartedMain] trationDelegate$BeanPostProcessorChecker : Bean 'statFilter' of type [com.alibaba.druid.filter.stat.StatFilter] is not eligible for getting processed by all BeanPostProcessors (for example: not eligible for auto-proxying)
2024-12-12 00:36:09.772  INFO 3270 --- [restartedMain] com.alibaba.druid.pool.DruidDataSource   : {dataSource-1,test} inited
2024-12-12 00:36:09.772  INFO 3270 --- [restartedMain] trationDelegate$BeanPostProcessorChecker : Bean 'dataSource' of type [com.alibaba.druid.pool.DruidDataSource] is not eligible for getting processed by all BeanPostProcessors (for example: not eligible for auto-proxying)
2024-12-12 00:36:09.797  INFO 3270 --- [restartedMain] trationDelegate$BeanPostProcessorChecker : Bean 'spring.datasource-org.springframework.boot.autoconfigure.jdbc.DataSourceProperties' of type [org.springframework.boot.autoconfigure.jdbc.DataSourceProperties] is not eligible for getting processed by all BeanPostProcessors (for example: not eligible for auto-proxying)
2024-12-12 00:36:09.800  INFO 3270 --- [restartedMain] trationDelegate$BeanPostProcessorChecker : Bean 'org.springframework.boot.autoconfigure.jdbc.DataSourceInitializerInvoker' of type [org.springframework.boot.autoconfigure.jdbc.DataSourceInitializerInvoker] is not eligible for getting processed by all BeanPostProcessors (for example: not eligible for auto-proxying)
2024-12-12 00:36:09.852  INFO 3270 --- [restartedMain] trationDelegate$BeanPostProcessorChecker : Bean 'sqlSessionFactory' of type [org.mybatis.spring.SqlSessionFactoryBean] is not eligible for getting processed by all BeanPostProcessors (for example: not eligible for auto-proxying)
2024-12-12 00:36:09.854  INFO 3270 --- [restartedMain] trationDelegate$BeanPostProcessorChecker : Bean 'sqlSessionFactory' of type [org.apache.ibatis.session.defaults.DefaultSqlSessionFactory] is not eligible for getting processed by all BeanPostProcessors (for example: not eligible for auto-proxying)
2024-12-12 00:36:09.858  INFO 3270 --- [restartedMain] trationDelegate$BeanPostProcessorChecker : Bean 'mybatis-plus-com.baomidou.mybatisplus.autoconfigure.MybatisPlusProperties' of type [com.baomidou.mybatisplus.autoconfigure.MybatisPlusProperties] is not eligible for getting processed by all BeanPostProcessors (for example: not eligible for auto-proxying)
2024-12-12 00:36:09.861  INFO 3270 --- [restartedMain] trationDelegate$BeanPostProcessorChecker : Bean 'com.baomidou.mybatisplus.autoconfigure.MybatisPlusAutoConfiguration' of type [com.baomidou.mybatisplus.autoconfigure.MybatisPlusAutoConfiguration$$EnhancerBySpringCGLIB$$98c60dcd] is not eligible for getting processed by all BeanPostProcessors (for example: not eligible for auto-proxying)
2024-12-12 00:36:09.866  INFO 3270 --- [restartedMain] trationDelegate$BeanPostProcessorChecker : Bean 'sqlSessionTemplate' of type [org.mybatis.spring.SqlSessionTemplate] is not eligible for getting processed by all BeanPostProcessors (for example: not eligible for auto-proxying)
2024-12-12 00:36:09.943  INFO 3270 --- [restartedMain] trationDelegate$BeanPostProcessorChecker : Bean 'userMapper' of type [org.mybatis.spring.mapper.MapperFactoryBean] is not eligible for getting processed by all BeanPostProcessors (for example: not eligible for auto-proxying)
2024-12-12 00:36:09.944  INFO 3270 --- [restartedMain] trationDelegate$BeanPostProcessorChecker : Bean 'userMapper' of type [com.sun.proxy.$Proxy73] is not eligible for getting processed by all BeanPostProcessors (for example: not eligible for auto-proxying)
2024-12-12 00:36:09.961  INFO 3270 --- [restartedMain] trationDelegate$BeanPostProcessorChecker : Bean 'userRoleMapper' of type [org.mybatis.spring.mapper.MapperFactoryBean] is not eligible for getting processed by all BeanPostProcessors (for example: not eligible for auto-proxying)
2024-12-12 00:36:09.961  INFO 3270 --- [restartedMain] trationDelegate$BeanPostProcessorChecker : Bean 'userRoleMapper' of type [com.sun.proxy.$Proxy75] is not eligible for getting processed by all BeanPostProcessors (for example: not eligible for auto-proxying)
2024-12-12 00:36:09.964  INFO 3270 --- [restartedMain] trationDelegate$BeanPostProcessorChecker : Bean 'customRealm' of type [com.phms.shiro.CustomRealm] is not eligible for getting processed by all BeanPostProcessors (for example: not eligible for auto-proxying)
2024-12-12 00:36:10.007  INFO 3270 --- [restartedMain] trationDelegate$BeanPostProcessorChecker : Bean 'sessionManager' of type [org.apache.shiro.web.session.mgt.DefaultWebSessionManager] is not eligible for getting processed by all BeanPostProcessors (for example: not eligible for auto-proxying)
2024-12-12 00:36:10.012  INFO 3270 --- [restartedMain] trationDelegate$BeanPostProcessorChecker : Bean 'securityManager' of type [org.apache.shiro.web.mgt.DefaultWebSecurityManager] is not eligible for getting processed by all BeanPostProcessors (for example: not eligible for auto-proxying)
2024-12-12 00:36:10.130  INFO 3270 --- [restartedMain] o.s.b.w.embedded.tomcat.TomcatWebServer  : Tomcat initialized with port(s): 8086 (http)
2024-12-12 00:36:10.134  INFO 3270 --- [restartedMain] o.a.coyote.http11.Http11NioProtocol      : Initializing ProtocolHandler ["http-nio-8086"]
2024-12-12 00:36:10.135  INFO 3270 --- [restartedMain] o.apache.catalina.core.StandardService   : Starting service [Tomcat]
2024-12-12 00:36:10.135  INFO 3270 --- [restartedMain] org.apache.catalina.core.StandardEngine  : Starting Servlet engine: [Apache Tomcat/9.0.29]
2024-12-12 00:36:10.167  INFO 3270 --- [restartedMain] o.a.c.c.C.[Tomcat].[localhost].[/]       : Initializing Spring embedded WebApplicationContext
2024-12-12 00:36:10.167  INFO 3270 --- [restartedMain] o.s.web.context.ContextLoader            : Root WebApplicationContext: initialization completed in 1105 ms
2024-12-12 00:36:10.214  INFO 3270 --- [restartedMain] com.phms.listener.ListenerTest           : -------监听器初始化-------
2024-12-12 00:36:10.216  INFO 3270 --- [restartedMain] com.phms.filter.TimeFilter               : =======初始化过滤器=========
2024-12-12 00:36:10.549  INFO 3270 --- [restartedMain] o.s.s.concurrent.ThreadPoolTaskExecutor  : Initializing ExecutorService 'applicationTaskExecutor'
2024-12-12 00:36:10.806  INFO 3270 --- [restartedMain] o.s.b.d.a.OptionalLiveReloadServer       : LiveReload server is running on port 35729
2024-12-12 00:36:10.831  INFO 3270 --- [restartedMain] o.a.coyote.http11.Http11NioProtocol      : Starting ProtocolHandler ["http-nio-8086"]
2024-12-12 00:36:10.848  INFO 3270 --- [restartedMain] o.s.b.w.embedded.tomcat.TomcatWebServer  : Tomcat started on port(s): 8086 (http) with context path ''
2024-12-12 00:36:10.850  INFO 3270 --- [restartedMain] com.phms.PhmsApp                         : Started PhmsApp in 2.046 seconds (JVM running for 23.456)
2024-12-12 00:36:14.032  INFO 3270 --- [http-nio-8086-exec-1] o.a.c.c.C.[Tomcat].[localhost].[/]       : Initializing Spring DispatcherServlet 'dispatcherServlet'
2024-12-12 00:36:14.033  INFO 3270 --- [http-nio-8086-exec-1] o.s.web.servlet.DispatcherServlet        : Initializing Servlet 'dispatcherServlet'
2024-12-12 00:36:14.039  INFO 3270 --- [http-nio-8086-exec-1] o.s.web.servlet.DispatcherServlet        : Completed initialization in 6 ms
2024-12-12 01:04:07.053  INFO 3270 --- [SpringContextShutdownHook] o.s.s.concurrent.ThreadPoolTaskExecutor  : Shutting down ExecutorService 'applicationTaskExecutor'
2024-12-12 01:04:07.080  INFO 3270 --- [SpringContextShutdownHook] com.alibaba.druid.pool.DruidDataSource   : {dataSource-1} closed
